<?xml version="1.0" encoding="UTF-8"?>
<!-- Generated by org.testng.reporters.JUnitXMLReporter -->
<testsuite hostname="DESKTOP-L7AGLPD" name="Test" tests="4" failures="0" timestamp="26 May 2020 12:12:29 GMT" time="3.95" errors="0">
  <testcase name="byAuthor" time="3.911" classname="goodReads.testVagrant.GetBooksByAuthor"/>
  <testcase name="halfyearloanCar" time="0.002" classname="goodReads.testVagrant.CarLoan"/>
  <testcase name="monthLoanCar" time="0.001" classname="goodReads.testVagrant.CarLoan"/>
  <testcase name="yearlyLoanCar" time="0.002" classname="goodReads.testVagrant.CarLoan"/>
</testsuite> <!-- Test -->
