<?xml version="1.0" encoding="UTF-8"?>
<testng-results skipped="0" failed="0" total="0" passed="0">
  <reporter-output>
  </reporter-output>
  <suite name="Default suite" duration-ms="16" started-at="2020-05-27T04:14:42Z" finished-at="2020-05-27T04:14:42Z">
    <groups>
    </groups>
    <test name="Default test" duration-ms="16" started-at="2020-05-27T04:14:42Z" finished-at="2020-05-27T04:14:42Z">
      <class name="goodReads.testVagrant.GetBooksByAuthor">
        <test-method status="PASS" signature="InputFile()[pri:0, instance:goodReads.testVagrant.GetBooksByAuthor@247bddad]" name="InputFile" is-config="true" duration-ms="10" started-at="2020-05-27T09:44:42Z" finished-at="2020-05-27T09:44:42Z">
          <reporter-output>
          </reporter-output>
        </test-method> <!-- InputFile -->
      </class> <!-- goodReads.testVagrant.GetBooksByAuthor -->
    </test> <!-- Default test -->
  </suite> <!-- Default suite -->
</testng-results>
